<?xml version="1.0" encoding="UTF-8"?>
<!-- Generated by org.testng.reporters.JUnitReportReporter -->
<testsuite hostname="DESKTOP-I0IJGIS" failures="0" tests="1" name="folder_2.Class_10" time="315.174" errors="0" timestamp="06 Oct 2022 19:29:07 GMT" skipped="0">
  <testcase classname="folder_2.Class_10" name="Test10" time="315.174"/>
</testsuite> <!-- folder_2.Class_10 -->
