<?xml version="1.0" encoding="UTF-8"?>
<!-- Generated by org.testng.reporters.JUnitReportReporter -->
<testsuite hostname="DESKTOP-I0IJGIS" failures="0" tests="4" name="driver.Driver" time="161.662" errors="0" timestamp="07 Oct 2022 08:13:34 GMT" skipped="0">
  <testcase classname="driver.Driver" name="edgeBrowser" time="49.042"/>
  <testcase classname="driver.Driver" name="chromeBrowser" time="30.856"/>
  <testcase classname="driver.Driver" name="chromeBrowser" time="30.856"/>
  <testcase classname="driver.Driver" name="edgeBrowser" time="50.908"/>
</testsuite> <!-- driver.Driver -->
