<?xml version="1.0" encoding="UTF-8"?>
<!-- Generated by org.testng.reporters.JUnitReportReporter -->
<testsuite hostname="DESKTOP-I0IJGIS" failures="0" tests="1" name="folder_1.Class_three" time="43.824" errors="0" timestamp="06 Oct 2022 10:09:50 GMT" skipped="0">
  <testcase classname="folder_1.Class_three" name="Test3" time="43.824"/>
</testsuite> <!-- folder_1.Class_three -->
