<?xml version="1.0" encoding="UTF-8"?>
<!-- Generated by org.testng.reporters.JUnitReportReporter -->
<testsuite hostname="DESKTOP-I0IJGIS" failures="0" tests="2" name="demo.TestngMultiBrowserDemo" time="48.847" errors="0" timestamp="07 Oct 2022 08:50:04 GMT" skipped="0">
  <testcase classname="demo.TestngMultiBrowserDemo" name="test1" time="10.560"/>
  <testcase classname="demo.TestngMultiBrowserDemo" name="test1" time="38.287"/>
</testsuite> <!-- demo.TestngMultiBrowserDemo -->
