<?xml version="1.0" encoding="UTF-8"?>
<!-- Generated by org.testng.reporters.JUnitReportReporter -->
<testsuite hostname="DESKTOP-I0IJGIS" failures="0" tests="1" name="folder_1.Class_five$Class_four" time="100.266" errors="0" timestamp="06 Oct 2022 15:13:47 GMT" skipped="0">
  <testcase classname="folder_1.Class_five$Class_four" name="Test5" time="100.266"/>
</testsuite> <!-- folder_1.Class_five$Class_four -->
