<?xml version="1.0" encoding="UTF-8"?>
<!-- Generated by org.testng.reporters.JUnitReportReporter -->
<testsuite hostname="DESKTOP-I0IJGIS" failures="0" tests="1" name="folder_1.Class_two" time="65.029" errors="0" timestamp="06 Oct 2022 10:08:18 GMT" skipped="0">
  <testcase classname="folder_1.Class_two" name="Test2" time="65.029"/>
</testsuite> <!-- folder_1.Class_two -->
