<?xml version="1.0" encoding="UTF-8"?>
<!-- Generated by org.testng.reporters.JUnitReportReporter -->
<testsuite hostname="DESKTOP-I0IJGIS" failures="0" tests="1" name="folder_1.Class_four" time="254.464" errors="0" timestamp="06 Oct 2022 10:24:40 GMT" skipped="0">
  <testcase classname="folder_1.Class_four" name="Test4" time="254.464"/>
</testsuite> <!-- folder_1.Class_four -->
