<?xml version="1.0" encoding="UTF-8"?>
<!-- Generated by org.testng.reporters.JUnitReportReporter -->
<testsuite hostname="DESKTOP-I0IJGIS" failures="0" tests="1" name="folder_2.Class_seven" time="117.795" errors="0" timestamp="06 Oct 2022 15:32:23 GMT" skipped="0">
  <testcase classname="folder_2.Class_seven" name="Test7" time="117.795"/>
</testsuite> <!-- folder_2.Class_seven -->
