<?xml version="1.0" encoding="UTF-8"?>
<!-- Generated by org.testng.reporters.JUnitReportReporter -->
<testsuite hostname="DESKTOP-I0IJGIS" failures="0" tests="1" name="folder_1.Class_one" time="148.966" errors="0" timestamp="06 Oct 2022 09:59:20 GMT" skipped="0">
  <testcase classname="folder_1.Class_one" name="Test1" time="148.966"/>
</testsuite> <!-- folder_1.Class_one -->
