<?xml version="1.0" encoding="UTF-8"?>
<!-- Generated by org.testng.reporters.JUnitReportReporter -->
<testsuite hostname="DESKTOP-I0IJGIS" failures="0" tests="2" name="folder_3.Class_6" time="53.744" errors="0" timestamp="07 Oct 2022 11:26:53 GMT" skipped="0">
  <testcase classname="folder_3.Class_6" name="Test6" time="35.147"/>
  <testcase classname="folder_3.Class_6" name="Test6" time="18.597"/>
</testsuite> <!-- folder_3.Class_6 -->
