<?xml version="1.0" encoding="UTF-8"?>
<!-- Generated by org.testng.reporters.JUnitReportReporter -->
<testsuite hostname="DESKTOP-I0IJGIS" failures="0" tests="1" name="folder_2.Class_six" time="96.248" errors="0" timestamp="06 Oct 2022 15:27:22 GMT" skipped="0">
  <testcase classname="folder_2.Class_six" name="Test6" time="96.248"/>
</testsuite> <!-- folder_2.Class_six -->
